# x, y, theta, v_l, v_r
#50, 250
50.00, 250.00, 1.571, 0.00, 0.00
#50, 250
50.00, 250.00, 1.571, 0.00, 0.00
#50, 250
50.00, 250.00, 1.571, 0.00, 0.00
#50, 250
50.00, 250.00, 1.571, 0.00, 0.00
#50, 250
50.00, 250.49, 1.571, 48.88, 48.88
#50, 251
50.00, 250.98, 1.571, 48.88, 48.88
#50, 251
50.00, 251.47, 1.571, 48.88, 48.88
#50, 252
50.00, 251.96, 1.571, 48.88, 48.88
#50, 252
50.00, 252.44, 1.571, 48.88, 48.88
#50, 253
50.00, 252.93, 1.571, 48.88, 48.88
#50, 253
50.00, 253.42, 1.571, 48.88, 48.88
#50, 254
50.00, 253.91, 1.571, 48.88, 48.88
#50, 254
50.00, 254.40, 1.571, 48.88, 48.88
#50, 255
50.00, 254.89, 1.571, 48.88, 48.88
#50, 255
50.00, 255.38, 1.571, 48.88, 48.88
#50, 256
50.00, 255.87, 1.571, 48.88, 48.88
#50, 256
50.00, 256.35, 1.571, 48.88, 48.88
#50, 257
50.00, 256.84, 1.571, 48.88, 48.88
#50, 257
50.00, 257.33, 1.571, 48.88, 48.88
#50, 258
50.00, 257.82, 1.571, 48.88, 48.88
#50, 258
50.00, 258.31, 1.571, 48.88, 48.88
#50, 259
50.00, 258.80, 1.571, 48.88, 48.88
#50, 259
50.00, 259.29, 1.571, 48.88, 48.88
#50, 260
50.00, 259.78, 1.571, 48.88, 48.88
#50, 260
50.00, 260.26, 1.571, 48.88, 48.88
#50, 261
50.00, 260.75, 1.571, 48.88, 48.88
#50, 261
50.00, 261.24, 1.571, 48.88, 48.88
#50, 262
50.00, 261.73, 1.571, 48.88, 48.88
#50, 262
50.00, 262.22, 1.571, 48.88, 48.88
#50, 263
50.00, 262.71, 1.571, 48.88, 48.88
#50, 263
50.00, 263.20, 1.571, 48.88, 48.88
#50, 264
50.00, 263.69, 1.571, 48.88, 48.88
#50, 264
50.00, 264.17, 1.571, 48.88, 48.88
#50, 265
50.00, 264.66, 1.571, 48.88, 48.88
#50, 265
50.00, 265.15, 1.571, 48.88, 48.88
#50, 266
50.00, 265.64, 1.571, 48.88, 48.88
#50, 266
50.00, 266.13, 1.571, 48.88, 48.88
#50, 267
50.00, 266.62, 1.571, 48.88, 48.88
#50, 267
50.00, 267.11, 1.571, 48.88, 48.88
#50, 268
50.00, 267.60, 1.571, 48.88, 48.88
#50, 268
50.00, 268.08, 1.571, 48.88, 48.88
#50, 269
50.00, 268.57, 1.571, 48.88, 48.88
#50, 269
50.00, 269.06, 1.571, 48.88, 48.88
#50, 270
50.00, 269.55, 1.571, 48.88, 48.88
#50, 270
50.00, 270.04, 1.571, 48.88, 48.88
#50, 271
50.00, 270.53, 1.571, 48.88, 48.88
#50, 271
50.00, 271.02, 1.571, 48.88, 48.88
#50, 272
50.00, 271.51, 1.571, 48.88, 48.88
#50, 272
50.00, 271.99, 1.571, 48.88, 48.88
#50, 272
50.00, 272.48, 1.571, 48.88, 48.88
#50, 273
50.00, 272.97, 1.571, 48.88, 48.88
#50, 273
50.00, 273.46, 1.571, 48.88, 48.88
#50, 274
50.00, 273.95, 1.571, 48.88, 48.88
#50, 274
50.00, 274.44, 1.571, 48.88, 48.88
#50, 275
50.00, 274.93, 1.571, 48.88, 48.88
#50, 275
50.00, 275.42, 1.571, 48.88, 48.88
#50, 276
50.00, 275.90, 1.571, 48.88, 48.88
#50, 276
50.00, 276.39, 1.571, 48.88, 48.88
#50, 277
50.00, 276.88, 1.571, 48.88, 48.88
#50, 277
50.00, 277.37, 1.571, 48.88, 48.88
#50, 278
50.00, 277.86, 1.571, 48.88, 48.88
#50, 278
50.00, 278.35, 1.571, 48.88, 48.88
#50, 279
50.00, 278.84, 1.571, 48.88, 48.88
#50, 279
50.00, 279.33, 1.571, 48.88, 48.88
#50, 280
50.00, 279.81, 1.571, 48.88, 48.88
#50, 280
50.00, 280.30, 1.571, 48.88, 48.88
#50, 281
50.00, 280.79, 1.571, 48.88, 48.88
#50, 281
50.00, 281.28, 1.571, 48.88, 48.88
#50, 282
50.00, 281.77, 1.571, 48.88, 48.88
#50, 282
50.00, 282.26, 1.571, 48.88, 48.88
#50, 283
50.00, 282.75, 1.571, 48.88, 48.88
#50, 283
50.00, 283.24, 1.571, 48.88, 48.88
#50, 284
50.00, 283.72, 1.571, 48.88, 48.88
#50, 284
50.00, 284.21, 1.571, 48.88, 48.88
#50, 285
50.00, 284.70, 1.571, 48.88, 48.88
#50, 285
50.00, 285.19, 1.571, 48.88, 48.88
#50, 286
50.00, 285.68, 1.571, 48.88, 48.88
#50, 286
50.00, 286.17, 1.571, 48.88, 48.88
#50, 287
50.00, 286.66, 1.571, 48.88, 48.88
#50, 287
50.00, 287.15, 1.571, 48.88, 48.88
#50, 288
50.00, 287.63, 1.571, 48.88, 48.88
#50, 288
50.00, 288.12, 1.571, 48.88, 48.88
#50, 289
50.00, 288.61, 1.571, 48.88, 48.88
#50, 289
50.00, 289.10, 1.571, 48.88, 48.88
#50, 290
50.00, 289.59, 1.571, 48.88, 48.88
#50, 290
50.00, 290.08, 1.571, 48.88, 48.88
#50, 291
50.00, 290.57, 1.571, 48.88, 48.88
#50, 291
50.00, 291.06, 1.571, 48.88, 48.88
#50, 292
50.00, 291.54, 1.571, 48.88, 48.88
#50, 292
50.00, 292.03, 1.571, 48.88, 48.88
#50, 293
50.00, 292.52, 1.571, 48.88, 48.88
#50, 293
50.00, 293.01, 1.571, 48.88, 48.88
#50, 293
50.00, 293.50, 1.571, 48.88, 48.88
#50, 294
50.00, 293.99, 1.571, 48.88, 48.88
#50, 294
50.00, 294.48, 1.571, 48.88, 48.88
#50, 295
50.00, 294.97, 1.571, 48.88, 48.88
#50, 295
50.00, 295.45, 1.571, 48.88, 48.88
#50, 296
50.00, 295.94, 1.571, 48.88, 48.88
#50, 296
50.00, 296.43, 1.571, 48.88, 48.88
#50, 297
50.00, 296.92, 1.571, 48.88, 48.88
#50, 297
50.00, 297.41, 1.571, 48.88, 48.88
#50, 298
50.00, 297.90, 1.571, 48.88, 48.88
#50, 298
50.00, 298.39, 1.571, 48.88, 48.88
#50, 299
50.00, 298.88, 1.571, 48.88, 48.88
#50, 299
50.00, 299.36, 1.571, 48.88, 48.88
#50, 300
50.00, 299.85, 1.571, 48.88, 48.88
#50, 300
50.00, 300.34, 1.571, 48.88, 48.88
#50, 301
50.00, 300.83, 1.571, 48.88, 48.88
#50, 301
50.00, 301.32, 1.571, 48.88, 48.88
#50, 302
50.00, 301.81, 1.571, 48.88, 48.88
#50, 302
50.00, 302.30, 1.571, 48.88, 48.88
#50, 303
50.00, 302.79, 1.571, 48.88, 48.88
#50, 303
50.00, 303.27, 1.571, 48.88, 48.88
#50, 304
50.00, 303.76, 1.571, 48.88, 48.88
#50, 304
50.00, 304.25, 1.571, 48.88, 48.88
#50, 305
50.00, 304.74, 1.571, 48.88, 48.88
#50, 305
50.00, 305.23, 1.571, 48.88, 48.88
#50, 306
50.00, 305.72, 1.571, 48.88, 48.88
#50, 306
50.00, 306.21, 1.571, 48.88, 48.88
#50, 307
50.00, 306.70, 1.571, 48.88, 48.88
#50, 307
50.00, 307.18, 1.571, 48.88, 48.88
#50, 308
50.00, 307.67, 1.571, 48.88, 48.88
#50, 308
50.00, 308.16, 1.571, 48.88, 48.88
#50, 309
50.00, 308.65, 1.571, 48.88, 48.88
#50, 309
50.00, 309.14, 1.571, 48.88, 48.88
#50, 310
50.00, 309.63, 1.571, 48.88, 48.88
#50, 310
50.00, 310.12, 1.571, 48.88, 48.88
#50, 311
50.00, 310.61, 1.571, 48.88, 48.88
#50, 311
50.00, 311.09, 1.571, 48.88, 48.88
#50, 312
50.00, 311.58, 1.571, 48.88, 48.88
#50, 312
50.00, 312.07, 1.571, 48.88, 48.88
#50, 313
50.00, 312.56, 1.571, 48.88, 48.88
#50, 313
50.00, 313.05, 1.571, 48.88, 48.88
#50, 314
50.00, 313.54, 1.571, 48.88, 48.88
#50, 314
50.00, 314.03, 1.571, 48.88, 48.88
#50, 315
50.00, 314.52, 1.571, 48.88, 48.88
#50, 315
50.00, 315.00, 1.571, 48.88, 48.88
#50, 315
50.00, 315.49, 1.571, 48.88, 48.88
#50, 316
50.00, 315.98, 1.571, 48.88, 48.88
#50, 316
50.00, 316.47, 1.571, 48.88, 48.88
#50, 317
50.00, 316.96, 1.571, 48.88, 48.88
#50, 317
50.00, 317.45, 1.571, 48.88, 48.88
#50, 318
50.00, 317.94, 1.571, 48.88, 48.88
#50, 318
50.00, 318.43, 1.571, 48.88, 48.88
#50, 319
50.00, 318.91, 1.571, 48.88, 48.88
#50, 319
50.00, 319.40, 1.571, 48.88, 48.88
#50, 320
50.00, 319.89, 1.571, 48.88, 48.88
#50, 320
50.00, 320.38, 1.571, 48.88, 48.88
#50, 321
50.00, 320.87, 1.571, 48.88, 48.88
#50, 321
50.00, 321.36, 1.571, 48.88, 48.88
#50, 322
50.00, 321.85, 1.571, 48.88, 48.88
#50, 322
50.00, 322.34, 1.571, 48.88, 48.88
#50, 323
50.00, 322.83, 1.571, 48.88, 48.88
#50, 323
50.00, 323.31, 1.571, 48.88, 48.88
#50, 324
50.00, 323.80, 1.571, 48.88, 48.88
#50, 324
50.00, 324.29, 1.571, 48.88, 48.88
#50, 325
50.00, 324.78, 1.571, 48.88, 48.88
#50, 325
50.00, 325.27, 1.571, 48.88, 48.88
#50, 326
50.00, 325.76, 1.571, 48.88, 48.88
#50, 326
50.00, 326.25, 1.571, 48.88, 48.88
#50, 327
50.00, 326.74, 1.571, 48.88, 48.88
#50, 327
50.00, 327.22, 1.571, 48.88, 48.88
#50, 328
50.00, 327.71, 1.571, 48.88, 48.88
#50, 328
50.00, 328.20, 1.571, 48.88, 48.88
#50, 329
50.00, 328.69, 1.571, 48.88, 48.88
#50, 329
50.00, 329.18, 1.571, 48.88, 48.88
#50, 330
50.00, 329.67, 1.571, 48.88, 48.88
#50, 330
50.00, 330.16, 1.571, 48.88, 48.88
#50, 331
50.00, 330.65, 1.571, 48.88, 48.88
#50, 331
50.00, 331.13, 1.571, 48.88, 48.88
#50, 332
50.00, 331.62, 1.571, 48.88, 48.88
#50, 332
50.00, 332.11, 1.571, 48.88, 48.88
#50, 333
50.00, 332.60, 1.571, 48.88, 48.88
#50, 333
50.00, 333.09, 1.571, 48.88, 48.88
#50, 334
50.00, 333.58, 1.571, 48.88, 48.88
#50, 334
50.00, 334.07, 1.571, 48.88, 48.88
#50, 335
50.00, 334.56, 1.571, 48.88, 48.88
#50, 335
50.00, 335.04, 1.571, 48.88, 48.88
#50, 336
50.00, 335.53, 1.571, 48.88, 48.88
#50, 336
50.00, 336.02, 1.571, 48.88, 48.88
#50, 337
50.00, 336.51, 1.571, 48.88, 48.88
#50, 337
50.00, 337.00, 1.571, 48.88, 48.88
#50, 337
50.00, 337.49, 1.571, 48.88, 48.88
#50, 338
50.00, 337.98, 1.571, 48.88, 48.88
#50, 338
50.00, 338.47, 1.571, 48.88, 48.88
#50, 339
50.00, 338.95, 1.571, 48.88, 48.88
#50, 339
50.00, 339.44, 1.571, 48.88, 48.88
#50, 340
50.00, 339.93, 1.571, 48.88, 48.88
#50, 340
50.00, 340.42, 1.571, 48.88, 48.88
#50, 341
50.00, 340.91, 1.571, 48.88, 48.88
#50, 341
50.00, 341.40, 1.571, 48.88, 48.88
#50, 342
50.00, 341.89, 1.571, 48.88, 48.88
#50, 342
50.00, 342.38, 1.571, 48.88, 48.88
#50, 343
50.00, 342.86, 1.571, 48.88, 48.88
#50, 343
50.00, 343.35, 1.571, 48.88, 48.88
#50, 344
50.00, 343.84, 1.571, 48.88, 48.88
#50, 344
50.00, 344.33, 1.571, 48.88, 48.88
#50, 345
50.00, 344.82, 1.571, 48.88, 48.88
#50, 345
50.00, 345.31, 1.571, 48.88, 48.88
#50, 346
50.00, 345.80, 1.571, 48.88, 48.88
#50, 346
50.00, 346.29, 1.571, 48.88, 48.88
#50, 347
50.00, 346.77, 1.571, 48.88, 48.88
#50, 347
50.00, 347.26, 1.571, 48.88, 48.88
#50, 348
50.00, 347.75, 1.571, 48.88, 48.88
#50, 348
50.00, 348.24, 1.571, 48.88, 48.88
#50, 349
50.00, 348.73, 1.571, 48.88, 48.88
#50, 349
50.00, 349.22, 1.571, 48.88, 48.88
#50, 350
50.00, 349.71, 1.571, 48.88, 48.88
#50, 350
50.00, 350.20, 1.571, 48.88, 48.88
#50, 351
50.00, 350.68, 1.571, 48.88, 48.88
#50, 351
50.00, 351.17, 1.571, 48.88, 48.88
#50, 352
50.00, 351.66, 1.571, 48.88, 48.88
#50, 352
50.00, 352.15, 1.571, 48.88, 48.88
#50, 353
50.00, 352.64, 1.571, 48.88, 48.88
#50, 353
50.00, 353.13, 1.571, 48.88, 48.88
#50, 354
50.00, 353.62, 1.571, 48.88, 48.88
#50, 354
50.00, 354.11, 1.571, 48.88, 48.88
#50, 355
50.00, 354.59, 1.571, 48.88, 48.88
#50, 355
50.00, 355.08, 1.571, 48.88, 48.88
#50, 356
50.00, 355.57, 1.571, 48.88, 48.88
#50, 356
50.00, 356.06, 1.571, 48.88, 48.88
#50, 357
50.00, 356.55, 1.571, 48.88, 48.88
#50, 357
50.00, 357.04, 1.571, 48.88, 48.88
#50, 358
50.00, 357.53, 1.571, 48.88, 48.88
#50, 358
50.00, 358.02, 1.571, 48.88, 48.88
#50, 359
50.00, 358.50, 1.571, 48.88, 48.88
#50, 359
50.00, 358.99, 1.571, 48.88, 48.88
#50, 359
50.00, 359.48, 1.571, 48.88, 48.88
#50, 360
50.00, 359.97, 1.571, 48.88, 48.88
#50, 360
50.00, 360.46, 1.571, 48.88, 48.88
#50, 361
50.00, 360.95, 1.571, 48.88, 48.88
#50, 361
50.00, 361.44, 1.571, 48.88, 48.88
#50, 362
50.00, 361.93, 1.571, 48.88, 48.88
#50, 362
50.00, 362.41, 1.571, 48.88, 48.88
#50, 363
50.00, 362.90, 1.571, 48.88, 48.88
#50, 363
50.00, 363.39, 1.571, 48.88, 48.88
#50, 364
50.00, 363.88, 1.571, 48.88, 48.88
#50, 364
50.00, 364.37, 1.571, 48.88, 48.88
#50, 365
50.00, 364.86, 1.571, 48.88, 48.88
#50, 365
50.00, 365.35, 1.571, 48.88, 48.88
#50, 366
50.00, 365.84, 1.571, 48.88, 48.88
#50, 366
50.00, 366.32, 1.571, 48.88, 48.88
#50, 367
50.00, 366.81, 1.571, 48.88, 48.88
#50, 367
50.00, 367.30, 1.571, 48.88, 48.88
#50, 368
50.00, 367.79, 1.571, 48.88, 48.88
#50, 368
50.00, 368.28, 1.571, 48.88, 48.88
#50, 369
50.00, 368.77, 1.571, 48.88, 48.88
#50, 369
50.00, 369.26, 1.571, 48.88, 48.88
#50, 370
50.00, 369.75, 1.571, 48.88, 48.88
#50, 370
50.00, 370.23, 1.571, 48.88, 48.88
#50, 371
50.00, 370.72, 1.571, 48.88, 48.88
#50, 371
50.00, 371.21, 1.571, 48.88, 48.88
#50, 372
50.00, 371.70, 1.571, 48.88, 48.88
#50, 372
50.00, 372.19, 1.571, 48.88, 48.88
#50, 373
50.00, 372.68, 1.571, 48.88, 48.88
#50, 373
50.00, 373.17, 1.571, 48.88, 48.88
#50, 374
50.00, 373.66, 1.571, 48.88, 48.88
#50, 374
50.00, 374.14, 1.571, 48.88, 48.88
#50, 375
50.00, 374.63, 1.571, 48.88, 48.88
#50, 375
50.00, 375.12, 1.571, 48.88, 48.88
#50, 376
50.00, 375.61, 1.571, 48.88, 48.88
#50, 376
50.00, 376.10, 1.571, 48.88, 48.88
#50, 377
50.00, 376.59, 1.571, 48.88, 48.88
#50, 377
50.00, 377.08, 1.571, 48.88, 48.88
#50, 378
50.00, 377.57, 1.571, 48.88, 48.88
#50, 378
50.00, 378.05, 1.571, 48.88, 48.88
#50, 379
50.00, 378.54, 1.571, 48.88, 48.88
#50, 379
50.00, 379.03, 1.571, 48.88, 48.88
#50, 380
50.00, 379.52, 1.571, 48.88, 48.88
#50, 380
50.00, 380.01, 1.571, 48.88, 48.88
#50, 380
50.00, 380.50, 1.571, 48.88, 48.88
#50, 381
50.00, 380.99, 1.571, 48.88, 48.88
#50, 381
50.00, 381.48, 1.571, 48.88, 48.88
#50, 382
50.00, 381.96, 1.571, 48.88, 48.88
#50, 382
50.00, 382.45, 1.571, 48.88, 48.88
#50, 383
50.00, 382.94, 1.571, 48.88, 48.88
#50, 383
50.00, 383.43, 1.571, 48.88, 48.88
#50, 384
50.00, 383.92, 1.571, 48.88, 48.88
#50, 384
50.00, 384.41, 1.571, 48.88, 48.88
#50, 385
50.00, 384.90, 1.571, 48.88, 48.88
#50, 385
50.00, 385.39, 1.571, 48.88, 48.88
#50, 386
50.00, 385.87, 1.571, 48.88, 48.88
#50, 386
50.00, 386.36, 1.571, 48.88, 48.88
#50, 387
50.00, 386.85, 1.571, 48.88, 48.88
#50, 387
50.00, 387.34, 1.571, 48.88, 48.88
#50, 388
50.00, 387.83, 1.571, 48.88, 48.88
#50, 388
50.00, 388.32, 1.571, 48.88, 48.88
#50, 389
50.00, 388.81, 1.571, 48.88, 48.88
#50, 389
50.00, 389.30, 1.571, 48.88, 48.88
#50, 390
50.00, 389.78, 1.571, 48.88, 48.88
#50, 390
50.00, 390.27, 1.571, 48.88, 48.88
#50, 391
50.00, 390.76, 1.571, 48.88, 48.88
#50, 391
50.00, 391.25, 1.571, 48.88, 48.88
#50, 392
50.00, 391.74, 1.571, 48.88, 48.88
#50, 392
50.00, 392.23, 1.571, 48.88, 48.88
#50, 393
50.00, 392.72, 1.571, 48.88, 48.88
#50, 393
50.00, 393.21, 1.571, 48.88, 48.88
#50, 394
50.00, 393.70, 1.571, 48.88, 48.88
#50, 394
50.00, 394.18, 1.571, 48.88, 48.88
#50, 395
50.00, 394.67, 1.571, 48.88, 48.88
#50, 395
50.00, 395.16, 1.571, 48.88, 48.88
#50, 396
50.00, 395.65, 1.571, 48.88, 48.88
#50, 396
50.00, 396.14, 1.571, 48.88, 48.88
#50, 397
50.00, 396.63, 1.571, 48.88, 48.88
#50, 397
50.00, 397.12, 1.571, 48.88, 48.88
#50, 398
50.00, 397.61, 1.571, 48.88, 48.88
#50, 398
50.00, 398.09, 1.571, 48.88, 48.88
#50, 399
50.00, 398.58, 1.571, 48.88, 48.88
#50, 399
50.00, 399.07, 1.571, 48.88, 48.88
#50, 400
50.00, 399.56, 1.571, 48.88, 48.88
#50, 400
50.00, 400.05, 1.571, 48.88, 48.88
#50, 401
50.00, 400.54, 1.571, 48.88, 48.88
#50, 401
50.00, 401.03, 1.571, 48.88, 48.88
#50, 402
50.00, 401.52, 1.571, 48.88, 48.88
#50, 402
50.00, 402.00, 1.571, 48.88, 48.88
#50, 402
50.00, 402.49, 1.571, 48.88, 48.88
#50, 403
50.00, 402.98, 1.571, 48.88, 48.88
#50, 403
50.00, 403.47, 1.571, 48.88, 48.88
#50, 404
50.00, 403.96, 1.571, 48.88, 48.88
#50, 404
50.00, 404.45, 1.571, 48.88, 48.88
#50, 405
50.00, 404.94, 1.571, 48.88, 48.88
#50, 405
50.00, 405.43, 1.571, 48.88, 48.88
#50, 406
50.00, 405.91, 1.571, 48.88, 48.88
#50, 406
50.00, 406.40, 1.571, 48.88, 48.88
#50, 407
50.00, 406.89, 1.571, 48.88, 48.88
#50, 407
50.00, 407.38, 1.571, 48.88, 48.88
#50, 408
50.00, 407.87, 1.571, 48.88, 48.88
#50, 408
50.00, 408.36, 1.571, 48.88, 48.88
#50, 409
50.00, 408.85, 1.571, 48.88, 48.88
#50, 409
50.00, 409.34, 1.571, 48.88, 48.88
#50, 410
50.00, 409.82, 1.571, 48.88, 48.88
#50, 410
50.00, 410.31, 1.571, 48.88, 48.88
#50, 411
50.00, 410.80, 1.571, 48.88, 48.88
#50, 411
50.00, 411.29, 1.571, 48.88, 48.88
#50, 412
50.00, 411.78, 1.571, 48.88, 48.88
#50, 412
50.00, 412.27, 1.571, 48.88, 48.88
#50, 413
50.00, 412.76, 1.571, 48.88, 48.88
#50, 413
50.00, 413.25, 1.571, 48.88, 48.88
#50, 414
50.00, 413.73, 1.571, 48.88, 48.88
#50, 414
50.00, 414.22, 1.571, 48.88, 48.88
#50, 415
50.00, 414.71, 1.571, 48.88, 48.88
#50, 415
50.00, 415.20, 1.571, 48.88, 48.88
#50, 416
50.00, 415.69, 1.571, 48.88, 48.88
#50, 416
50.00, 416.18, 1.571, 48.88, 48.88
#50, 417
50.00, 416.67, 1.571, 48.88, 48.88
#50, 417
50.00, 417.16, 1.571, 48.88, 48.88
#50, 418
50.00, 417.64, 1.571, 48.88, 48.88
#50, 418
50.00, 418.13, 1.571, 48.88, 48.88
#50, 419
50.00, 418.62, 1.571, 48.88, 48.88
#50, 419
50.00, 419.11, 1.571, 48.88, 48.88
#50, 420
50.00, 419.60, 1.571, 48.88, 48.88
#50, 420
50.00, 420.09, 1.571, 48.88, 48.88
#50, 421
50.00, 420.58, 1.571, 48.88, 48.88
#50, 421
50.00, 421.07, 1.571, 48.88, 48.88
#50, 422
50.00, 421.55, 1.571, 48.88, 48.88
#50, 422
50.00, 422.04, 1.571, 48.88, 48.88
#50, 423
50.00, 422.53, 1.571, 48.88, 48.88
#50, 423
50.00, 423.02, 1.571, 48.88, 48.88
#50, 424
50.00, 423.51, 1.571, 48.88, 48.88
#50, 424
50.00, 424.00, 1.571, 48.88, 48.88
#50, 424
50.00, 424.49, 1.571, 48.88, 48.88
#50, 425
50.00, 424.98, 1.571, 48.88, 48.88
#50, 425
50.00, 425.46, 1.571, 48.88, 48.88
#50, 426
50.00, 425.95, 1.571, 48.88, 48.88
#50, 426
50.00, 426.44, 1.571, 48.88, 48.88
#50, 427
50.00, 426.93, 1.571, 48.88, 48.88
#50, 427
50.00, 427.42, 1.571, 48.88, 48.88
#50, 428
50.00, 427.91, 1.571, 48.88, 48.88
#50, 428
50.00, 428.40, 1.571, 48.88, 48.88
#50, 429
50.00, 428.89, 1.571, 48.88, 48.88
#50, 429
50.00, 429.37, 1.571, 48.88, 48.88
#50, 430
50.00, 429.86, 1.571, 48.88, 48.88
#50, 430
50.00, 430.35, 1.571, 48.88, 48.88
#50, 431
50.00, 430.84, 1.571, 48.88, 48.88
#50, 431
50.00, 431.33, 1.571, 48.88, 48.88
#50, 432
50.00, 431.82, 1.571, 48.88, 48.88
#50, 432
50.00, 432.31, 1.571, 48.88, 48.88
#50, 433
50.00, 432.80, 1.571, 48.88, 48.88
#50, 433
50.00, 433.28, 1.571, 48.88, 48.88
#50, 434
50.00, 433.77, 1.571, 48.88, 48.88
#50, 434
50.00, 434.26, 1.571, 48.88, 48.88
#50, 435
50.00, 434.75, 1.571, 48.88, 48.88
#50, 435
50.00, 435.24, 1.571, 48.88, 48.88
#50, 436
50.00, 435.73, 1.571, 48.88, 48.88
#50, 436
50.00, 436.22, 1.571, 48.88, 48.88
#50, 437
50.00, 436.71, 1.571, 48.88, 48.88
#50, 437
50.00, 437.19, 1.571, 48.88, 48.88
#50, 438
50.00, 437.68, 1.571, 48.88, 48.88
#50, 438
50.00, 438.17, 1.571, 48.88, 48.88
#50, 439
50.00, 438.66, 1.571, 48.88, 48.88
#50, 439
50.00, 439.15, 1.571, 48.88, 48.88
#50, 440
50.00, 439.64, 1.571, 48.88, 48.88
#50, 440
50.00, 440.13, 1.571, 48.88, 48.88
#50, 441
50.00, 440.62, 1.571, 48.88, 48.88
#50, 441
50.00, 441.10, 1.571, 48.88, 48.88
#50, 442
50.00, 441.59, 1.571, 48.88, 48.88
#50, 442
50.00, 442.08, 1.571, 48.88, 48.88
#50, 443
50.00, 442.57, 1.571, 48.88, 48.88
#50, 443
50.00, 443.06, 1.571, 48.88, 48.88
#50, 444
50.00, 443.55, 1.571, 48.88, 48.88
#50, 444
50.00, 444.04, 1.571, 48.88, 48.88
#50, 445
50.00, 444.53, 1.571, 48.88, 48.88
#50, 445
50.00, 445.01, 1.571, 48.88, 48.88
#50, 446
50.00, 445.50, 1.571, 48.88, 48.88
#50, 446
50.00, 445.99, 1.571, 48.88, 48.88
#50, 446
50.00, 446.48, 1.571, 48.88, 48.88
#50, 447
50.00, 446.97, 1.571, 48.88, 48.88
#50, 447
50.00, 447.46, 1.571, 48.88, 48.88
#50, 448
50.00, 447.95, 1.571, 48.88, 48.88
#50, 448
50.00, 448.44, 1.571, 48.88, 48.88
#50, 449
50.00, 448.92, 1.571, 48.88, 48.88
#50, 449
50.00, 449.41, 1.571, 48.88, 48.88
#50, 450
50.00, 449.90, 1.571, 48.88, 48.88
#50, 450
50.00, 450.39, 1.571, 48.88, 48.88
#50, 451
50.00, 450.88, 1.571, 48.88, 48.88
#50, 451
50.00, 451.37, 1.571, 48.88, 48.88
#50, 452
50.00, 451.86, 1.571, 48.88, 48.88
#50, 452
50.00, 452.35, 1.571, 48.88, 48.88
#50, 453
50.00, 452.83, 1.571, 48.88, 48.88
#50, 453
50.00, 453.32, 1.571, 48.88, 48.88
#50, 454
50.00, 453.81, 1.571, 48.88, 48.88
#50, 454
50.00, 454.30, 1.571, 48.88, 48.88
#50, 455
50.00, 454.79, 1.571, 48.88, 48.88
#50, 455
50.00, 455.28, 1.571, 48.88, 48.88
#50, 456
50.00, 455.77, 1.571, 48.88, 48.88
#50, 456
50.00, 456.26, 1.571, 48.88, 48.88
#50, 457
50.00, 456.74, 1.571, 48.88, 48.88
#50, 457
50.00, 457.23, 1.571, 48.88, 48.88
#50, 458
50.00, 457.72, 1.571, 48.88, 48.88
#50, 458
50.00, 458.21, 1.571, 48.88, 48.88
#50, 459
50.00, 458.70, 1.571, 48.88, 48.88
#50, 459
50.00, 459.19, 1.571, 48.88, 48.88
#50, 460
50.00, 459.68, 1.571, 48.88, 48.88
#50, 460
50.00, 460.17, 1.571, 48.88, 48.88
#50, 461
50.00, 460.65, 1.571, 48.88, 48.88
#50, 461
50.00, 461.14, 1.571, 48.88, 48.88
#50, 462
50.00, 461.63, 1.571, 48.88, 48.88
#50, 462
50.00, 462.12, 1.571, 48.88, 48.88
#50, 463
50.00, 462.61, 1.571, 48.88, 48.88
#50, 463
50.00, 463.10, 1.571, 48.88, 48.88
#50, 464
50.00, 463.59, 1.571, 48.88, 48.88
#50, 464
50.00, 464.08, 1.571, 48.88, 48.88
#50, 465
50.00, 464.57, 1.571, 48.88, 48.88
#50, 465
50.00, 465.05, 1.571, 48.88, 48.88
#50, 466
50.00, 465.54, 1.571, 48.88, 48.88
#50, 466
50.00, 466.03, 1.571, 48.88, 48.88
#50, 467
50.00, 466.52, 1.571, 48.88, 48.88
#50, 467
50.00, 467.01, 1.571, 48.88, 48.88
#50, 467
50.00, 467.50, 1.571, 48.88, 48.88
#50, 468
50.00, 467.99, 1.571, 48.88, 48.88
#50, 468
50.00, 468.48, 1.571, 48.88, 48.88
#50, 469
50.00, 468.96, 1.571, 48.88, 48.88
#50, 469
50.00, 469.45, 1.571, 48.88, 48.88
#50, 470
50.00, 469.94, 1.571, 48.88, 48.88
#50, 470
50.00, 470.43, 1.571, 48.88, 48.88
#50, 471
50.00, 470.92, 1.571, 48.88, 48.88
#50, 471
50.00, 471.41, 1.571, 48.88, 48.88
#50, 472
50.00, 471.90, 1.571, 48.88, 48.88
#50, 472
50.00, 472.39, 1.571, 48.88, 48.88
#50, 473
50.00, 472.87, 1.571, 48.88, 48.88
#50, 473
50.00, 473.36, 1.571, 48.88, 48.88
#50, 474
50.00, 473.85, 1.571, 48.88, 48.88
#50, 474
50.00, 474.34, 1.571, 48.88, 48.88
#50, 475
50.00, 474.83, 1.571, 48.88, 48.88
#50, 475
50.00, 475.32, 1.571, 48.88, 48.88
#50, 476
50.00, 475.81, 1.571, 48.88, 48.88
#50, 476
50.00, 476.30, 1.571, 48.88, 48.88
#50, 477
50.00, 476.78, 1.571, 48.88, 48.88
#50, 477
50.00, 477.27, 1.571, 48.88, 48.88
#50, 478
50.00, 477.76, 1.571, 48.88, 48.88
#50, 478
50.00, 478.25, 1.571, 48.88, 48.88
#50, 479
50.00, 478.74, 1.571, 48.88, 48.88
#50, 479
50.00, 479.23, 1.571, 48.88, 48.88
#50, 480
50.00, 479.72, 1.571, 48.88, 48.88
#50, 480
50.00, 480.21, 1.571, 48.88, 48.88
#50, 481
50.00, 480.69, 1.571, 48.88, 48.88
#50, 481
50.00, 481.18, 1.571, 48.88, 48.88
#50, 482
50.00, 481.67, 1.571, 48.88, 48.88
#50, 482
50.00, 482.16, 1.571, 48.88, 48.88
#50, 483
50.00, 482.65, 1.571, 48.88, 48.88
#50, 483
50.00, 483.14, 1.571, 48.88, 48.88
#50, 484
50.00, 483.63, 1.571, 48.88, 48.88
#50, 484
50.00, 484.12, 1.571, 48.88, 48.88
#50, 485
50.00, 484.60, 1.571, 48.88, 48.88
#50, 485
50.00, 485.09, 1.571, 48.88, 48.88
#50, 486
50.00, 485.58, 1.571, 48.88, 48.88
#50, 486
50.00, 486.07, 1.571, 48.88, 48.88
#50, 487
50.00, 486.56, 1.571, 48.88, 48.88
#50, 487
50.00, 487.05, 1.571, 48.88, 48.88
#50, 488
50.00, 487.54, 1.571, 48.88, 48.88
#50, 488
50.00, 488.03, 1.571, 48.88, 48.88
#50, 489
50.00, 488.51, 1.571, 48.88, 48.88
#50, 489
50.00, 489.00, 1.571, 48.88, 48.88
#50, 489
50.00, 489.49, 1.571, 48.88, 48.88
#50, 490
50.00, 489.98, 1.571, 48.88, 48.88
#50, 490
50.00, 490.47, 1.571, 48.88, 48.88
#50, 491
50.00, 490.96, 1.571, 48.88, 48.88
#50, 491
50.00, 491.45, 1.571, 48.88, 48.88
#50, 492
50.00, 491.94, 1.571, 48.88, 48.88
#50, 492
50.00, 492.42, 1.571, 48.88, 48.88
#50, 493
50.00, 492.91, 1.571, 48.88, 48.88
#50, 493
50.00, 493.40, 1.571, 48.88, 48.88
#50, 494
50.00, 493.89, 1.571, 48.88, 48.88
#50, 494
50.00, 494.38, 1.571, 48.88, 48.88
#50, 495
50.00, 494.87, 1.571, 48.88, 48.88
#50, 495
50.00, 495.36, 1.571, 48.88, 48.88
#50, 496
50.00, 495.85, 1.571, 48.88, 48.88
#50, 496
50.00, 496.33, 1.571, 48.88, 48.88
#50, 497
50.00, 496.82, 1.571, 48.88, 48.88
#50, 497
50.00, 497.31, 1.571, 48.88, 48.88
#50, 498
50.00, 497.80, 1.571, 48.88, 48.88
#50, 498
50.00, 498.29, 1.571, 48.88, 48.88
#50, 499
50.00, 498.78, 1.571, 48.88, 48.88
#50, 499
50.00, 499.27, 1.571, 48.88, 48.88
#50, 500
50.00, 499.76, 1.571, 48.88, 48.88
#50, 500
50.00, 500.24, 1.571, 48.88, 48.88
#50, 501
50.00, 500.73, 1.571, 48.88, 48.88
#50, 501
50.00, 501.22, 1.571, 48.88, 48.88
#50, 502
50.00, 501.71, 1.571, 48.88, 48.88
#50, 502
50.00, 502.20, 1.571, 48.88, 48.88
#50, 503
50.00, 502.69, 1.571, 48.88, 48.88
#50, 503
50.00, 503.18, 1.571, 48.88, 48.88
#50, 504
50.00, 503.67, 1.571, 48.88, 48.88
#50, 504
50.00, 504.15, 1.571, 48.88, 48.88
#50, 505
50.00, 504.64, 1.571, 48.88, 48.88
#50, 505
50.00, 505.13, 1.571, 48.88, 48.88
#50, 506
50.00, 505.62, 1.571, 48.88, 48.88
#50, 506
50.00, 506.11, 1.571, 48.88, 48.88
#50, 507
50.00, 506.60, 1.571, 48.88, 48.88
#50, 507
50.00, 507.09, 1.571, 48.88, 48.88
#50, 508
50.00, 507.58, 1.571, 48.88, 48.88
#50, 508
50.00, 508.06, 1.571, 48.88, 48.88
#50, 509
50.00, 508.55, 1.571, 48.88, 48.88
#50, 509
50.00, 509.04, 1.571, 48.88, 48.88
#50, 510
50.00, 509.53, 1.571, 48.88, 48.88
#50, 510
50.00, 510.02, 1.571, 48.88, 48.88
#50, 511
50.00, 510.51, 1.571, 48.88, 48.88
#50, 511
50.00, 511.00, 1.571, 48.88, 48.88
#50, 511
50.00, 511.49, 1.571, 48.88, 48.88
#50, 512
50.00, 511.97, 1.571, 48.88, 48.88
#50, 512
50.00, 512.46, 1.571, 48.88, 48.88
#50, 513
50.00, 512.95, 1.571, 48.88, 48.88
#50, 513
50.00, 513.44, 1.571, 48.88, 48.88
#50, 514
50.00, 513.93, 1.571, 48.88, 48.88
#50, 514
50.00, 514.42, 1.571, 48.88, 48.88
#50, 515
50.00, 514.91, 1.571, 48.88, 48.88
#50, 515
50.00, 515.40, 1.571, 48.88, 48.88
#50, 516
50.00, 515.88, 1.571, 48.88, 48.88
#50, 516
50.00, 516.37, 1.571, 48.88, 48.88
#50, 517
50.00, 516.86, 1.571, 48.88, 48.88
#50, 517
50.00, 517.35, 1.571, 48.88, 48.88
#50, 518
50.00, 517.84, 1.571, 48.88, 48.88
#50, 518
50.00, 518.33, 1.571, 48.88, 48.88
#50, 519
50.00, 518.82, 1.571, 48.88, 48.88
#50, 519
50.00, 519.31, 1.571, 48.88, 48.88
#50, 520
50.00, 519.79, 1.571, 48.88, 48.88
#50, 520
50.00, 520.28, 1.571, 48.88, 48.88
#50, 521
50.00, 520.77, 1.571, 48.88, 48.88
#50, 521
50.00, 521.26, 1.571, 48.88, 48.88
#50, 522
50.00, 521.75, 1.571, 48.88, 48.88
#50, 522
50.00, 522.24, 1.571, 48.88, 48.88
#50, 523
50.00, 522.73, 1.571, 48.88, 48.88
#50, 523
50.00, 523.22, 1.571, 48.88, 48.88
#50, 524
50.00, 523.70, 1.571, 48.88, 48.88
#50, 524
50.00, 524.19, 1.571, 48.88, 48.88
#50, 525
50.00, 524.68, 1.571, 48.88, 48.88
#50, 525
50.00, 525.17, 1.571, 48.88, 48.88
#50, 526
50.00, 525.66, 1.571, 48.88, 48.88
#50, 526
50.00, 526.15, 1.571, 48.88, 48.88
#50, 527
50.00, 526.64, 1.571, 48.88, 48.88
#50, 527
50.00, 527.13, 1.571, 48.88, 48.88
#50, 528
50.00, 527.61, 1.571, 48.88, 48.88
#50, 528
50.00, 528.10, 1.571, 48.88, 48.88
#50, 529
50.00, 528.59, 1.571, 48.88, 48.88
#50, 529
50.00, 529.08, 1.571, 48.88, 48.88
#50, 530
50.00, 529.57, 1.571, 48.88, 48.88
#50, 530
50.00, 530.06, 1.571, 48.88, 48.88
#50, 531
50.00, 530.55, 1.571, 48.88, 48.88
#50, 531
50.00, 531.04, 1.571, 48.88, 48.88
#50, 532
50.00, 531.52, 1.571, 48.88, 48.88
#50, 532
50.00, 532.01, 1.571, 48.88, 48.88
#50, 533
50.00, 532.50, 1.571, 48.88, 48.88
#50, 533
50.00, 532.99, 1.571, 48.88, 48.88
#50, 533
50.00, 533.48, 1.571, 48.88, 48.88
#50, 534
50.00, 533.97, 1.571, 48.88, 48.88
#50, 534
50.00, 534.46, 1.571, 48.88, 48.88
#50, 535
50.00, 534.95, 1.571, 48.88, 48.88
#50, 535
50.00, 535.44, 1.571, 48.88, 48.88
#50, 536
50.00, 535.92, 1.571, 48.88, 48.88
#50, 536
50.00, 536.41, 1.571, 48.88, 48.88
#50, 537
50.00, 536.90, 1.571, 48.88, 48.88
#50, 537
50.00, 537.39, 1.571, 48.88, 48.88
#50, 538
50.00, 537.88, 1.571, 48.88, 48.88
#50, 538
50.00, 538.37, 1.571, 48.88, 48.88
#50, 539
50.00, 538.86, 1.571, 48.88, 48.88
#50, 539
50.00, 539.35, 1.571, 48.88, 48.88
#50, 540
50.00, 539.83, 1.571, 48.88, 48.88
#50, 540
50.00, 540.32, 1.571, 48.88, 48.88
#50, 541
50.00, 540.81, 1.571, 48.88, 48.88
#50, 541
50.00, 541.30, 1.571, 48.88, 48.88
